app/build/intermediates/manifest_merge_blame_file/debug/manifest-merger-blame-debug-report.txt
1<?xml version="1.0" encoding="utf-8"?>
2<manifest xmlns:android="http://schemas.android.com/apk/res/android"
3    package="com.aguedagg.weatherapp"
4    android:versionCode="1"
5    android:versionName="1.97.65(1)" >
6
7    <uses-sdk
8        android:minSdkVersion="19"
8-->src/main/AndroidManifest.xml
9        android:targetSdkVersion="30" />
9-->src/main/AndroidManifest.xml
10
11    <uses-permission android:name="android.permission.INTERNET" />
11-->src/main/AndroidManifest.xml:6:5-67
11-->src/main/AndroidManifest.xml:6:22-64
12    <uses-permission android:name="android.permission.WAKE_LOCK" />
12-->[androidx.work:work-runtime:2.3.0] AndroidManifest.xml:25:5-68
12-->[androidx.work:work-runtime:2.3.0] AndroidManifest.xml:25:22-65
13    <uses-permission android:name="android.permission.ACCESS_NETWORK_STATE" />
13-->[androidx.work:work-runtime:2.3.0] AndroidManifest.xml:26:5-79
13-->[androidx.work:work-runtime:2.3.0] AndroidManifest.xml:26:22-76
14    <uses-permission android:name="android.permission.RECEIVE_BOOT_COMPLETED" />
14-->[androidx.work:work-runtime:2.3.0] AndroidManifest.xml:27:5-81
14-->[androidx.work:work-runtime:2.3.0] AndroidManifest.xml:27:22-78
15    <uses-permission android:name="android.permission.FOREGROUND_SERVICE" />
15-->[androidx.work:work-runtime:2.3.0] AndroidManifest.xml:28:5-77
15-->[androidx.work:work-runtime:2.3.0] AndroidManifest.xml:28:22-74
16
17    <application
17-->src/main/AndroidManifest.xml:8:5-31:19
18        android:name="com.aguedagg.weatherapp.WeatherApp"
18-->src/main/AndroidManifest.xml:9:9-58
19        android:allowBackup="false"
19-->src/main/AndroidManifest.xml:10:9-36
20        android:appComponentFactory="androidx.core.app.CoreComponentFactory"
20-->[androidx.core:core:1.1.0] AndroidManifest.xml:24:18-86
21        android:debuggable="true"
22        android:icon="@mipmap/ic_launcher"
22-->src/main/AndroidManifest.xml:12:9-43
23        android:label="@string/app_name"
23-->src/main/AndroidManifest.xml:13:9-41
24        android:largeHeap="true"
24-->src/main/AndroidManifest.xml:11:9-33
25        android:roundIcon="@mipmap/ic_launcher_round"
25-->src/main/AndroidManifest.xml:14:9-54
26        android:supportsRtl="true"
26-->src/main/AndroidManifest.xml:15:9-35
27        android:testOnly="true"
28        android:theme="@style/AppTheme" >
28-->src/main/AndroidManifest.xml:16:9-40
29        <activity android:name="com.aguedagg.weatherapp.ui.MainActivity" >
29-->src/main/AndroidManifest.xml:18:9-24:20
29-->src/main/AndroidManifest.xml:18:19-73
30            <intent-filter>
30-->src/main/AndroidManifest.xml:19:13-23:29
31                <action android:name="android.intent.action.MAIN" />
31-->src/main/AndroidManifest.xml:20:17-69
31-->src/main/AndroidManifest.xml:20:25-66
32
33                <category android:name="android.intent.category.LAUNCHER" />
33-->src/main/AndroidManifest.xml:22:17-77
33-->src/main/AndroidManifest.xml:22:27-74
34            </intent-filter>
35        </activity>
36
37        <service
37-->[androidx.work:work-runtime:2.3.0] AndroidManifest.xml:39:9-44:35
38            android:name="androidx.work.impl.background.systemalarm.SystemAlarmService"
38-->[androidx.work:work-runtime:2.3.0] AndroidManifest.xml:40:13-88
39            android:directBootAware="false"
39-->[androidx.work:work-runtime:2.3.0] AndroidManifest.xml:41:13-44
40            android:enabled="@bool/enable_system_alarm_service_default"
40-->[androidx.work:work-runtime:2.3.0] AndroidManifest.xml:42:13-72
41            android:exported="false" />
41-->[androidx.work:work-runtime:2.3.0] AndroidManifest.xml:43:13-37
42        <service
42-->[androidx.work:work-runtime:2.3.0] AndroidManifest.xml:45:9-51:35
43            android:name="androidx.work.impl.background.systemjob.SystemJobService"
43-->[androidx.work:work-runtime:2.3.0] AndroidManifest.xml:46:13-84
44            android:directBootAware="false"
44-->[androidx.work:work-runtime:2.3.0] AndroidManifest.xml:47:13-44
45            android:enabled="@bool/enable_system_job_service_default"
45-->[androidx.work:work-runtime:2.3.0] AndroidManifest.xml:48:13-70
46            android:exported="true"
46-->[androidx.work:work-runtime:2.3.0] AndroidManifest.xml:49:13-36
47            android:permission="android.permission.BIND_JOB_SERVICE" />
47-->[androidx.work:work-runtime:2.3.0] AndroidManifest.xml:50:13-69
48        <service
48-->[androidx.work:work-runtime:2.3.0] AndroidManifest.xml:52:9-57:35
49            android:name="androidx.work.impl.foreground.SystemForegroundService"
49-->[androidx.work:work-runtime:2.3.0] AndroidManifest.xml:53:13-81
50            android:directBootAware="false"
50-->[androidx.work:work-runtime:2.3.0] AndroidManifest.xml:54:13-44
51            android:enabled="@bool/enable_system_foreground_service_default"
51-->[androidx.work:work-runtime:2.3.0] AndroidManifest.xml:55:13-77
52            android:exported="false" />
52-->[androidx.work:work-runtime:2.3.0] AndroidManifest.xml:56:13-37
53
54        <receiver
54-->[androidx.work:work-runtime:2.3.0] AndroidManifest.xml:59:9-64:35
55            android:name="androidx.work.impl.utils.ForceStopRunnable$BroadcastReceiver"
55-->[androidx.work:work-runtime:2.3.0] AndroidManifest.xml:60:13-88
56            android:directBootAware="false"
56-->[androidx.work:work-runtime:2.3.0] AndroidManifest.xml:61:13-44
57            android:enabled="true"
57-->[androidx.work:work-runtime:2.3.0] AndroidManifest.xml:62:13-35
58            android:exported="false" />
58-->[androidx.work:work-runtime:2.3.0] AndroidManifest.xml:63:13-37
59        <receiver
59-->[androidx.work:work-runtime:2.3.0] AndroidManifest.xml:65:9-75:20
60            android:name="androidx.work.impl.background.systemalarm.ConstraintProxy$BatteryChargingProxy"
60-->[androidx.work:work-runtime:2.3.0] AndroidManifest.xml:66:13-106
61            android:directBootAware="false"
61-->[androidx.work:work-runtime:2.3.0] AndroidManifest.xml:67:13-44
62            android:enabled="false"
62-->[androidx.work:work-runtime:2.3.0] AndroidManifest.xml:68:13-36
63            android:exported="false" >
63-->[androidx.work:work-runtime:2.3.0] AndroidManifest.xml:69:13-37
64            <intent-filter>
64-->[androidx.work:work-runtime:2.3.0] AndroidManifest.xml:71:13-74:29
65                <action android:name="android.intent.action.ACTION_POWER_CONNECTED" />
65-->[androidx.work:work-runtime:2.3.0] AndroidManifest.xml:72:17-87
65-->[androidx.work:work-runtime:2.3.0] AndroidManifest.xml:72:25-84
66                <action android:name="android.intent.action.ACTION_POWER_DISCONNECTED" />
66-->[androidx.work:work-runtime:2.3.0] AndroidManifest.xml:73:17-90
66-->[androidx.work:work-runtime:2.3.0] AndroidManifest.xml:73:25-87
67            </intent-filter>
68        </receiver>
69        <receiver
69-->[androidx.work:work-runtime:2.3.0] AndroidManifest.xml:76:9-86:20
70            android:name="androidx.work.impl.background.systemalarm.ConstraintProxy$BatteryNotLowProxy"
70-->[androidx.work:work-runtime:2.3.0] AndroidManifest.xml:77:13-104
71            android:directBootAware="false"
71-->[androidx.work:work-runtime:2.3.0] AndroidManifest.xml:78:13-44
72            android:enabled="false"
72-->[androidx.work:work-runtime:2.3.0] AndroidManifest.xml:79:13-36
73            android:exported="false" >
73-->[androidx.work:work-runtime:2.3.0] AndroidManifest.xml:80:13-37
74            <intent-filter>
74-->[androidx.work:work-runtime:2.3.0] AndroidManifest.xml:82:13-85:29
75                <action android:name="android.intent.action.BATTERY_OKAY" />
75-->[androidx.work:work-runtime:2.3.0] AndroidManifest.xml:83:17-77
75-->[androidx.work:work-runtime:2.3.0] AndroidManifest.xml:83:25-74
76                <action android:name="android.intent.action.BATTERY_LOW" />
76-->[androidx.work:work-runtime:2.3.0] AndroidManifest.xml:84:17-76
76-->[androidx.work:work-runtime:2.3.0] AndroidManifest.xml:84:25-73
77            </intent-filter>
78        </receiver>
79        <receiver
79-->[androidx.work:work-runtime:2.3.0] AndroidManifest.xml:87:9-97:20
80            android:name="androidx.work.impl.background.systemalarm.ConstraintProxy$StorageNotLowProxy"
80-->[androidx.work:work-runtime:2.3.0] AndroidManifest.xml:88:13-104
81            android:directBootAware="false"
81-->[androidx.work:work-runtime:2.3.0] AndroidManifest.xml:89:13-44
82            android:enabled="false"
82-->[androidx.work:work-runtime:2.3.0] AndroidManifest.xml:90:13-36
83            android:exported="false" >
83-->[androidx.work:work-runtime:2.3.0] AndroidManifest.xml:91:13-37
84            <intent-filter>
84-->[androidx.work:work-runtime:2.3.0] AndroidManifest.xml:93:13-96:29
85                <action android:name="android.intent.action.DEVICE_STORAGE_LOW" />
85-->[androidx.work:work-runtime:2.3.0] AndroidManifest.xml:94:17-83
85-->[androidx.work:work-runtime:2.3.0] AndroidManifest.xml:94:25-80
86                <action android:name="android.intent.action.DEVICE_STORAGE_OK" />
86-->[androidx.work:work-runtime:2.3.0] AndroidManifest.xml:95:17-82
86-->[androidx.work:work-runtime:2.3.0] AndroidManifest.xml:95:25-79
87            </intent-filter>
88        </receiver>
89        <receiver
89-->[androidx.work:work-runtime:2.3.0] AndroidManifest.xml:98:9-107:20
90            android:name="androidx.work.impl.background.systemalarm.ConstraintProxy$NetworkStateProxy"
90-->[androidx.work:work-runtime:2.3.0] AndroidManifest.xml:99:13-103
91            android:directBootAware="false"
91-->[androidx.work:work-runtime:2.3.0] AndroidManifest.xml:100:13-44
92            android:enabled="false"
92-->[androidx.work:work-runtime:2.3.0] AndroidManifest.xml:101:13-36
93            android:exported="false" >
93-->[androidx.work:work-runtime:2.3.0] AndroidManifest.xml:102:13-37
94            <intent-filter>
94-->[androidx.work:work-runtime:2.3.0] AndroidManifest.xml:104:13-106:29
95                <action android:name="android.net.conn.CONNECTIVITY_CHANGE" />
95-->[androidx.work:work-runtime:2.3.0] AndroidManifest.xml:105:17-79
95-->[androidx.work:work-runtime:2.3.0] AndroidManifest.xml:105:25-76
96            </intent-filter>
97        </receiver>
98        <receiver
98-->[androidx.work:work-runtime:2.3.0] AndroidManifest.xml:108:9-119:20
99            android:name="androidx.work.impl.background.systemalarm.RescheduleReceiver"
99-->[androidx.work:work-runtime:2.3.0] AndroidManifest.xml:109:13-88
100            android:directBootAware="false"
100-->[androidx.work:work-runtime:2.3.0] AndroidManifest.xml:110:13-44
101            android:enabled="false"
101-->[androidx.work:work-runtime:2.3.0] AndroidManifest.xml:111:13-36
102            android:exported="false" >
102-->[androidx.work:work-runtime:2.3.0] AndroidManifest.xml:112:13-37
103            <intent-filter>
103-->[androidx.work:work-runtime:2.3.0] AndroidManifest.xml:114:13-118:29
104                <action android:name="android.intent.action.BOOT_COMPLETED" />
104-->[androidx.work:work-runtime:2.3.0] AndroidManifest.xml:115:17-79
104-->[androidx.work:work-runtime:2.3.0] AndroidManifest.xml:115:25-76
105                <action android:name="android.intent.action.TIME_SET" />
105-->[androidx.work:work-runtime:2.3.0] AndroidManifest.xml:116:17-73
105-->[androidx.work:work-runtime:2.3.0] AndroidManifest.xml:116:25-70
106                <action android:name="android.intent.action.TIMEZONE_CHANGED" />
106-->[androidx.work:work-runtime:2.3.0] AndroidManifest.xml:117:17-81
106-->[androidx.work:work-runtime:2.3.0] AndroidManifest.xml:117:25-78
107            </intent-filter>
108        </receiver>
109        <receiver
109-->[androidx.work:work-runtime:2.3.0] AndroidManifest.xml:120:9-129:20
110            android:name="androidx.work.impl.background.systemalarm.ConstraintProxyUpdateReceiver"
110-->[androidx.work:work-runtime:2.3.0] AndroidManifest.xml:121:13-99
111            android:directBootAware="false"
111-->[androidx.work:work-runtime:2.3.0] AndroidManifest.xml:122:13-44
112            android:enabled="@bool/enable_system_alarm_service_default"
112-->[androidx.work:work-runtime:2.3.0] AndroidManifest.xml:123:13-72
113            android:exported="false" >
113-->[androidx.work:work-runtime:2.3.0] AndroidManifest.xml:124:13-37
114            <intent-filter>
114-->[androidx.work:work-runtime:2.3.0] AndroidManifest.xml:126:13-128:29
115                <action android:name="androidx.work.impl.background.systemalarm.UpdateProxies" />
115-->[androidx.work:work-runtime:2.3.0] AndroidManifest.xml:127:17-98
115-->[androidx.work:work-runtime:2.3.0] AndroidManifest.xml:127:25-95
116            </intent-filter>
117        </receiver>
118
119        <service
119-->[androidx.room:room-runtime:2.2.5] AndroidManifest.xml:25:9-28:40
120            android:name="androidx.room.MultiInstanceInvalidationService"
120-->[androidx.room:room-runtime:2.2.5] AndroidManifest.xml:26:13-74
121            android:directBootAware="true"
121-->[androidx.room:room-runtime:2.2.5] AndroidManifest.xml:27:13-43
122            android:exported="false" />
122-->[androidx.room:room-runtime:2.2.5] AndroidManifest.xml:28:13-37
123
124        <provider
124-->[androidx.lifecycle:lifecycle-process:2.2.0] AndroidManifest.xml:25:9-29:43
125            android:name="androidx.lifecycle.ProcessLifecycleOwnerInitializer"
125-->[androidx.lifecycle:lifecycle-process:2.2.0] AndroidManifest.xml:26:13-79
126            android:authorities="com.aguedagg.weatherapp.lifecycle-process"
126-->[androidx.lifecycle:lifecycle-process:2.2.0] AndroidManifest.xml:27:13-69
127            android:exported="false"
127-->[androidx.lifecycle:lifecycle-process:2.2.0] AndroidManifest.xml:28:13-37
128            android:multiprocess="true" />
128-->[androidx.lifecycle:lifecycle-process:2.2.0] AndroidManifest.xml:29:13-40
129    </application>
130
131</manifest>